[14-Jan-2025 20:28:26 UTC] PHP Warning:  Undefined array key "HTTP_HOST" in C:\Users\nabil\Local Sites\mycustomiwp1\app\public\wp-includes\functions.php on line 6327
[14-Jan-2025 20:49:34 UTC] PHP Parse error:  Unclosed '{' on line 51 in C:\Users\nabil\Local Sites\mycustomiwp1\app\public\wp-content\themes\foce-child\functions.php on line 70
[14-Jan-2025 20:49:34 UTC] PHP Warning:  Trying to access array offset on value of type bool in C:\Users\nabil\Local Sites\mycustomiwp1\app\public\wp-includes\class-wp-recovery-mode-email-service.php on line 367
[14-Jan-2025 20:49:34 UTC] PHP Warning:  Trying to access array offset on value of type bool in C:\Users\nabil\Local Sites\mycustomiwp1\app\public\wp-includes\class-wp-recovery-mode-email-service.php on line 368
[14-Jan-2025 20:51:35 UTC] PHP Parse error:  Unclosed '{' on line 51 in C:\Users\nabil\Local Sites\mycustomiwp1\app\public\wp-content\themes\foce-child\functions.php on line 70
[29-Jan-2025 08:20:50 UTC] Erreur d’événement de replanification de tâche pour le crochet wp_privacy_delete_old_export_files. Code d’erreur : could_not_set. Message d’erreur : La liste des évènements planifiés n’a pas pu être sauvegardée.. Données : {"schedule":"hourly","args":[],"interval":3600}
[30-Jan-2025 12:34:53 UTC] PHP Parse error:  syntax error, unexpected identifier "histoire", expecting "," or ";" in C:\Users\nabil\Local Sites\mycustomiwp1\app\public\wp-content\themes\foce-child\front-page.php on line 19
[30-Jan-2025 12:35:09 UTC] PHP Parse error:  syntax error, unexpected identifier "histoire", expecting "," or ";" in C:\Users\nabil\Local Sites\mycustomiwp1\app\public\wp-content\themes\foce-child\front-page.php on line 19
[30-Jan-2025 13:23:56 UTC] PHP Fatal error:  Uncaught Error: Call to undefined function get_header() in C:\Users\nabil\Local Sites\mycustomiwp1\app\public\wp-content\themes\foce\index.php:15
Stack trace:
#0 {main}
  thrown in C:\Users\nabil\Local Sites\mycustomiwp1\app\public\wp-content\themes\foce\index.php on line 15
[11-Feb-2025 09:16:31 UTC] PHP Parse error:  syntax error, unexpected token ";", expecting ")" in C:\Users\nabil\Local Sites\mycustomiwp1\app\public\wp-content\themes\foce-child\functions.php on line 36
[11-Feb-2025 09:16:32 UTC] PHP Warning:  Trying to access array offset on value of type bool in C:\Users\nabil\Local Sites\mycustomiwp1\app\public\wp-includes\class-wp-recovery-mode-email-service.php on line 367
[11-Feb-2025 09:16:32 UTC] PHP Warning:  Trying to access array offset on value of type bool in C:\Users\nabil\Local Sites\mycustomiwp1\app\public\wp-includes\class-wp-recovery-mode-email-service.php on line 368
[11-Feb-2025 09:18:32 UTC] PHP Parse error:  syntax error, unexpected token ";", expecting ")" in C:\Users\nabil\Local Sites\mycustomiwp1\app\public\wp-content\themes\foce-child\functions.php on line 36
[11-Feb-2025 09:22:39 UTC] PHP Warning:  filemtime(): stat failed for C:\Users\nabil\Local Sites\mycustomiwp1\app\public/wp-content/themes/foce-child/assets/css/main.css in C:\Users\nabil\Local Sites\mycustomiwp1\app\public\wp-content\themes\foce-child\functions.php on line 50
[11-Feb-2025 09:22:39 UTC] PHP Warning:  filemtime(): stat failed for C:\Users\nabil\Local Sites\mycustomiwp1\app\public/wp-content/themes/foce-child/assets/css/main.css in C:\Users\nabil\Local Sites\mycustomiwp1\app\public\wp-content\themes\foce-child\functions.php on line 50
[11-Feb-2025 09:23:25 UTC] PHP Warning:  filemtime(): stat failed for C:\Users\nabil\Local Sites\mycustomiwp1\app\public/wp-content/themes/foce-child/assets/css/main.css in C:\Users\nabil\Local Sites\mycustomiwp1\app\public\wp-content\themes\foce-child\functions.php on line 50
[07-Apr-2025 17:23:35 UTC] PHP Warning:  Undefined variable $characters_query in C:\Users\nabil\Local Sites\mycustomiwp1\app\public\wp-content\themes\foce-child\front-page.php on line 34
[07-Apr-2025 17:23:35 UTC] PHP Fatal error:  Uncaught Error: Call to a member function have_posts() on null in C:\Users\nabil\Local Sites\mycustomiwp1\app\public\wp-content\themes\foce-child\front-page.php:34
Stack trace:
#0 C:\Users\nabil\Local Sites\mycustomiwp1\app\public\wp-includes\template-loader.php(106): include()
#1 C:\Users\nabil\Local Sites\mycustomiwp1\app\public\wp-blog-header.php(19): require_once('C:\\Users\\nabil\\...')
#2 C:\Users\nabil\Local Sites\mycustomiwp1\app\public\index.php(17): require('C:\\Users\\nabil\\...')
#3 {main}
  thrown in C:\Users\nabil\Local Sites\mycustomiwp1\app\public\wp-content\themes\foce-child\front-page.php on line 34
[07-Apr-2025 17:24:24 UTC] PHP Warning:  Undefined variable $characters_query in C:\Users\nabil\Local Sites\mycustomiwp1\app\public\wp-content\themes\foce-child\front-page.php on line 29
[07-Apr-2025 17:24:24 UTC] PHP Fatal error:  Uncaught Error: Call to a member function have_posts() on null in C:\Users\nabil\Local Sites\mycustomiwp1\app\public\wp-content\themes\foce-child\front-page.php:29
Stack trace:
#0 C:\Users\nabil\Local Sites\mycustomiwp1\app\public\wp-includes\template-loader.php(106): include()
#1 C:\Users\nabil\Local Sites\mycustomiwp1\app\public\wp-blog-header.php(19): require_once('C:\\Users\\nabil\\...')
#2 C:\Users\nabil\Local Sites\mycustomiwp1\app\public\index.php(17): require('C:\\Users\\nabil\\...')
#3 {main}
  thrown in C:\Users\nabil\Local Sites\mycustomiwp1\app\public\wp-content\themes\foce-child\front-page.php on line 29
[09-Apr-2025 11:46:06 UTC] PHP Parse error:  syntax error, unexpected token ";" in C:\Users\nabil\Local Sites\mycustomiwp1\app\public\wp-content\themes\foce-child\front-page.php on line 103
[09-Apr-2025 11:46:32 UTC] PHP Parse error:  syntax error, unexpected token ";" in C:\Users\nabil\Local Sites\mycustomiwp1\app\public\wp-content\themes\foce-child\front-page.php on line 103
[06-May-2025 05:45:08 UTC] Xdebug: [Step Debug] Time-out connecting to debugging client, waited: 200 ms. Tried: localhost:9003 (fallback through xdebug.client_host/xdebug.client_port) :-(
[06-May-2025 05:45:09 UTC] Xdebug: [Step Debug] Time-out connecting to debugging client, waited: 200 ms. Tried: localhost:9003 (fallback through xdebug.client_host/xdebug.client_port) :-(
[06-May-2025 05:45:10 UTC] Xdebug: [Step Debug] Time-out connecting to debugging client, waited: 200 ms. Tried: localhost:9003 (fallback through xdebug.client_host/xdebug.client_port) :-(
[06-May-2025 05:45:10 UTC] Xdebug: [Step Debug] Time-out connecting to debugging client, waited: 200 ms. Tried: localhost:9003 (fallback through xdebug.client_host/xdebug.client_port) :-(
[06-May-2025 05:45:11 UTC] Xdebug: [Step Debug] Time-out connecting to debugging client, waited: 200 ms. Tried: localhost:9003 (fallback through xdebug.client_host/xdebug.client_port) :-(
[06-May-2025 05:45:11 UTC] Xdebug: [Step Debug] Time-out connecting to debugging client, waited: 200 ms. Tried: localhost:9003 (fallback through xdebug.client_host/xdebug.client_port) :-(
[06-May-2025 05:45:16 UTC] Xdebug: [Step Debug] Time-out connecting to debugging client, waited: 200 ms. Tried: localhost:9003 (fallback through xdebug.client_host/xdebug.client_port) :-(
[06-May-2025 05:45:17 UTC] Xdebug: [Step Debug] Time-out connecting to debugging client, waited: 200 ms. Tried: localhost:9003 (fallback through xdebug.client_host/xdebug.client_port) :-(
[06-May-2025 05:45:17 UTC] Xdebug: [Step Debug] Time-out connecting to debugging client, waited: 200 ms. Tried: localhost:9003 (fallback through xdebug.client_host/xdebug.client_port) :-(
[06-May-2025 05:45:44 UTC] Xdebug: [Step Debug] Time-out connecting to debugging client, waited: 200 ms. Tried: localhost:9003 (fallback through xdebug.client_host/xdebug.client_port) :-(
[06-May-2025 05:45:44 UTC] Xdebug: [Step Debug] Time-out connecting to debugging client, waited: 200 ms. Tried: localhost:9003 (fallback through xdebug.client_host/xdebug.client_port) :-(
[06-May-2025 05:45:45 UTC] Xdebug: [Step Debug] Time-out connecting to debugging client, waited: 200 ms. Tried: localhost:9003 (fallback through xdebug.client_host/xdebug.client_port) :-(
[06-May-2025 05:45:45 UTC] Xdebug: [Step Debug] Time-out connecting to debugging client, waited: 200 ms. Tried: localhost:9003 (fallback through xdebug.client_host/xdebug.client_port) :-(
[06-May-2025 05:45:46 UTC] Xdebug: [Step Debug] Time-out connecting to debugging client, waited: 200 ms. Tried: localhost:9003 (fallback through xdebug.client_host/xdebug.client_port) :-(
[06-May-2025 05:45:47 UTC] Xdebug: [Step Debug] Time-out connecting to debugging client, waited: 200 ms. Tried: localhost:9003 (fallback through xdebug.client_host/xdebug.client_port) :-(
[06-May-2025 05:45:49 UTC] Xdebug: [Step Debug] Time-out connecting to debugging client, waited: 200 ms. Tried: localhost:9003 (fallback through xdebug.client_host/xdebug.client_port) :-(
[06-May-2025 05:45:50 UTC] Xdebug: [Step Debug] Time-out connecting to debugging client, waited: 200 ms. Tried: localhost:9003 (fallback through xdebug.client_host/xdebug.client_port) :-(
[06-May-2025 05:45:50 UTC] Xdebug: [Step Debug] Time-out connecting to debugging client, waited: 200 ms. Tried: localhost:9003 (fallback through xdebug.client_host/xdebug.client_port) :-(
[06-May-2025 05:45:51 UTC] Xdebug: [Step Debug] Time-out connecting to debugging client, waited: 200 ms. Tried: localhost:9003 (fallback through xdebug.client_host/xdebug.client_port) :-(
[06-May-2025 05:45:51 UTC] Xdebug: [Step Debug] Time-out connecting to debugging client, waited: 200 ms. Tried: localhost:9003 (fallback through xdebug.client_host/xdebug.client_port) :-(
[06-May-2025 05:45:52 UTC] Xdebug: [Step Debug] Time-out connecting to debugging client, waited: 200 ms. Tried: localhost:9003 (fallback through xdebug.client_host/xdebug.client_port) :-(
[06-May-2025 05:45:52 UTC] Xdebug: [Step Debug] Time-out connecting to debugging client, waited: 200 ms. Tried: localhost:9003 (fallback through xdebug.client_host/xdebug.client_port) :-(
[06-May-2025 05:45:52 UTC] Xdebug: [Step Debug] Time-out connecting to debugging client, waited: 200 ms. Tried: localhost:9003 (fallback through xdebug.client_host/xdebug.client_port) :-(
[06-May-2025 05:45:52 UTC] Xdebug: [Step Debug] Time-out connecting to debugging client, waited: 200 ms. Tried: localhost:9003 (fallback through xdebug.client_host/xdebug.client_port) :-(
[06-May-2025 05:45:57 UTC] Xdebug: [Step Debug] Time-out connecting to debugging client, waited: 200 ms. Tried: localhost:9003 (fallback through xdebug.client_host/xdebug.client_port) :-(
[06-May-2025 05:45:57 UTC] Xdebug: [Step Debug] Time-out connecting to debugging client, waited: 200 ms. Tried: localhost:9003 (fallback through xdebug.client_host/xdebug.client_port) :-(
[06-May-2025 05:45:58 UTC] Xdebug: [Step Debug] Time-out connecting to debugging client, waited: 200 ms. Tried: localhost:9003 (fallback through xdebug.client_host/xdebug.client_port) :-(
[06-May-2025 05:46:46 UTC] Xdebug: [Step Debug] Time-out connecting to debugging client, waited: 200 ms. Tried: localhost:9003 (fallback through xdebug.client_host/xdebug.client_port) :-(
[06-May-2025 05:46:46 UTC] Xdebug: [Step Debug] Time-out connecting to debugging client, waited: 200 ms. Tried: localhost:9003 (fallback through xdebug.client_host/xdebug.client_port) :-(
[06-May-2025 05:46:47 UTC] Xdebug: [Step Debug] Time-out connecting to debugging client, waited: 200 ms. Tried: localhost:9003 (fallback through xdebug.client_host/xdebug.client_port) :-(
[06-May-2025 05:46:48 UTC] Xdebug: [Step Debug] Time-out connecting to debugging client, waited: 200 ms. Tried: localhost:9003 (fallback through xdebug.client_host/xdebug.client_port) :-(
